2024-04-02T13:28:20-04:00 INFO: Starting sFlow-RT 3.0-1696
2024-04-02T13:28:23-04:00 INFO: Version check, 3.0-1701 available
2024-04-02T13:28:23-04:00 INFO: Listening, sFlow port 6343
2024-04-02T13:28:24-04:00 INFO: Listening, HTTP port 8008
2024-04-02T13:28:24-04:00 INFO: app/mininet-dashboard/scripts/metrics.js started
2024-04-02T13:28:24-04:00 INFO: app/flow-trend/scripts/top.js started
2024-04-12T12:19:14-04:00 INFO: Starting sFlow-RT 3.0-1696
2024-04-12T12:19:16-04:00 INFO: Version check, 3.0-1701 available
2024-04-12T12:19:16-04:00 INFO: Listening, sFlow port 6343
2024-04-12T12:19:17-04:00 INFO: Listening, HTTP port 8008
2024-04-12T12:19:17-04:00 INFO: app/mininet-dashboard/scripts/metrics.js started
2024-04-12T12:19:17-04:00 INFO: app/flow-trend/scripts/top.js started
2024-05-03T02:41:58-04:00 INFO: Starting sFlow-RT 3.0-1696
2024-05-03T02:42:02-04:00 INFO: Version check, 3.0-1702 available
2024-05-03T02:42:02-04:00 SEVERE: Cannot open sFlow port 6343
2024-05-03T03:59:08-04:00 INFO: Version check, 3.0-1702 available
2024-05-05T10:32:19-04:00 INFO: Starting sFlow-RT 3.0-1696
2024-05-05T10:32:22-04:00 INFO: Version check, 3.0-1702 available
2024-05-05T10:32:22-04:00 INFO: Listening, sFlow port 6343
2024-05-05T10:32:23-04:00 INFO: Listening, HTTP port 8008
2024-05-05T10:32:23-04:00 INFO: app/mininet-dashboard/scripts/metrics.js started
2024-05-05T10:32:23-04:00 INFO: app/flow-trend/scripts/top.js started
